Adding headers to: 1]. DSA + CP/1]. DSA/1]. Data Structures/06]. Linked List/C++/_09)_SortList.cpp
Adding headers to: 1]. DSA + CP/1]. DSA/1]. Data Structures/04]. Strings/C++/_01)_Longest-Common-prefix.cpp
Adding headers to: 1]. DSA + CP/1]. DSA/1]. Data Structures/01]. Array/C++/_048)_Jump-Game.cpp
Adding headers to: 1]. DSA + CP/1]. DSA/1]. Data Structures/01]. Array/C++/_046)_3Sum.cpp
Adding headers to: 1]. DSA + CP/1]. DSA/1]. Data Structures/01]. Array/C++/_052)_Two-Sum.cpp
Adding headers to: 1]. DSA + CP/1]. DSA/1]. Data Structures/01]. Array/C++/_051)_Set-Matrix-Zeros.cpp
Adding headers to: 1]. DSA + CP/1]. DSA/1]. Data Structures/01]. Array/C++/_047)_4Sum.cpp
Adding headers to: 1]. DSA + CP/1]. DSA/1]. Data Structures/01]. Array/C++/_049)_Remove-Duplicates-From-Sorted-Array.cpp
Adding headers to: 1]. DSA + CP/1]. DSA/3]. 450 DSA by Love Babbar/C++/04]. Searching & Sorting/_22)_Find_pivot_element_in_a_sorted_array.cpp
Adding headers to: 1]. DSA + CP/1]. DSA/3]. 450 DSA by Love Babbar/C++/04]. Searching & Sorting/_03)_Search_in_Rotated_Sorted_Array.cpp
Adding headers to: 1]. DSA + CP/1]. DSA/3]. 450 DSA by Love Babbar/C++/04]. Searching & Sorting/_01)_First_and_Last_Position_of_an_Element.cpp
Adding headers to: 1]. DSA + CP/1]. DSA/3]. 450 DSA by Love Babbar/C++/01]. Array/_17)_Best_Time_to_Buy_and_Sell_Stock.cpp
Adding headers to: 1]. DSA + CP/1]. DSA/3]. 450 DSA by Love Babbar/C++/01]. Array/_14)_Merge_Intervals.cpp
Adding headers to: 1]. DSA + CP/1]. DSA/3]. 450 DSA by Love Babbar/C++/01]. Array/_11)_Find_the_Duplicate_Number.cpp
Adding headers to: 1]. DSA + CP/1]. DSA/3]. 450 DSA by Love Babbar/C++/01]. Array/_15)_Next_Permutation.cpp
Adding headers to: 1]. DSA + CP/1]. DSA/3]. 450 DSA by Love Babbar/C++/02]. Matrix/_02)_2)_Search_a_2D_Matrix.cpp
Adding headers to: 1]. DSA + CP/1]. DSA/3]. 450 DSA by Love Babbar/C++/02]. Matrix/_02)_1)_Search_a_2D_Matrix.cpp
Adding headers to: 1]. DSA + CP/1]. DSA/3]. 450 DSA by Love Babbar/C++/03]. Strings/_01)_0_Reverse_String.cpp
Adding headers to: 1]. DSA + CP/1]. DSA/4]. Striver Series/30 Days of SDE Sheet/C++/03]. Day-3 (Arrays)/Leetcode/1]. Search in a 2d Matrix.cpp
Adding headers to: 1]. DSA + CP/1]. DSA/4]. Striver Series/30 Days of SDE Sheet/C++/03]. Day-3 (Arrays)/Leetcode/4]. Majority Element (N-3 times).cpp
Adding headers to: 1]. DSA + CP/1]. DSA/4]. Striver Series/30 Days of SDE Sheet/C++/03]. Day-3 (Arrays)/Leetcode/3]. Majority Element (N-2 times).cpp
Adding headers to: 1]. DSA + CP/1]. DSA/4]. Striver Series/30 Days of SDE Sheet/C++/03]. Day-3 (Arrays)/Leetcode/6]. Reverse Pairs.cpp
Adding headers to: 1]. DSA + CP/1]. DSA/4]. Striver Series/30 Days of SDE Sheet/C++/19]. Day-19 (Binary Tree)/CodeStudio/3]. Construct Binary Tree from Inorder and Postorder.cpp
Adding headers to: 1]. DSA + CP/1]. DSA/4]. Striver Series/30 Days of SDE Sheet/C++/19]. Day-19 (Binary Tree)/Leetcode/2]. Construct Binary Tree from inorder and preorder.cpp
Adding headers to: 1]. DSA + CP/1]. DSA/4]. Striver Series/30 Days of SDE Sheet/C++/19]. Day-19 (Binary Tree)/Leetcode/3]. Construct Binary Tree from Inorder and Postorder.cpp
Adding headers to: 1]. DSA + CP/1]. DSA/4]. Striver Series/30 Days of SDE Sheet/C++/23]. Day-23 (Graph)/CodeStudio/01]. Clone a graph.cpp
Adding headers to: 1]. DSA + CP/1]. DSA/4]. Striver Series/30 Days of SDE Sheet/C++/23]. Day-23 (Graph)/Leetcode/04]. Detect A cycle in Undirected Graph using BFS.cpp
Adding headers to: 1]. DSA + CP/1]. DSA/4]. Striver Series/30 Days of SDE Sheet/C++/23]. Day-23 (Graph)/Leetcode/01]. Clone a graph.cpp
Adding headers to: 1]. DSA + CP/1]. DSA/4]. Striver Series/30 Days of SDE Sheet/C++/23]. Day-23 (Graph)/Leetcode/12]. Bipartite Check using DFS.cpp
Adding headers to: 1]. DSA + CP/1]. DSA/4]. Striver Series/30 Days of SDE Sheet/C++/23]. Day-23 (Graph)/Leetcode/11]. Bipartite Check using BFS.cpp
Adding headers to: 1]. DSA + CP/1]. DSA/4]. Striver Series/30 Days of SDE Sheet/C++/23]. Day-23 (Graph)/Leetcode/05]. Detect A cycle in Undirected Graph using DFS.cpp
Adding headers to: 1]. DSA + CP/1]. DSA/4]. Striver Series/30 Days of SDE Sheet/C++/23]. Day-23 (Graph)/Leetcode/06]. Detect A cycle in a Directed Graph using DFS.cpp
Adding headers to: 1]. DSA + CP/1]. DSA/4]. Striver Series/30 Days of SDE Sheet/C++/23]. Day-23 (Graph)/Leetcode/07]. Detect A cycle in a Directed Graph using BFS.cpp
Adding headers to: 1]. DSA + CP/1]. DSA/4]. Striver Series/30 Days of SDE Sheet/C++/23]. Day-23 (Graph)/Leetcode/10]. Number of islands.cpp
Adding headers to: 1]. DSA + CP/1]. DSA/4]. Striver Series/30 Days of SDE Sheet/C++/11]. Day-11 (Binary Search)/CodeStudio/6]. K-th element of two sorted arrays.cpp
Adding headers to: 1]. DSA + CP/1]. DSA/4]. Striver Series/30 Days of SDE Sheet/C++/11]. Day-11 (Binary Search)/CodeStudio/3]. Find the element that appears once in a sorted array, and the rest element appears twice.cpp
Adding headers to: 1]. DSA + CP/1]. DSA/4]. Striver Series/30 Days of SDE Sheet/C++/11]. Day-11 (Binary Search)/CodeStudio/8]. Aggressive Cows.cpp
Adding headers to: 1]. DSA + CP/1]. DSA/4]. Striver Series/30 Days of SDE Sheet/C++/11]. Day-11 (Binary Search)/CodeStudio/7]. Allocate Minimum Number of Pages.cpp
Adding headers to: 1]. DSA + CP/1]. DSA/4]. Striver Series/30 Days of SDE Sheet/C++/11]. Day-11 (Binary Search)/Leetcode/4]. Search element in a sorted and rotated array.cpp
Adding headers to: 1]. DSA + CP/1]. DSA/4]. Striver Series/30 Days of SDE Sheet/C++/11]. Day-11 (Binary Search)/Leetcode/3]. Find the element that appears once in a sorted array, and the rest element appears twice.cpp
Adding headers to: 1]. DSA + CP/1]. DSA/4]. Striver Series/30 Days of SDE Sheet/C++/11]. Day-11 (Binary Search)/Leetcode/5]. Median of 2 sorted arrays.cpp
Adding headers to: 1]. DSA + CP/1]. DSA/4]. Striver Series/30 Days of SDE Sheet/C++/11]. Day-11 (Binary Search)/InterviewBit/2]. Matrix Median.cpp
Adding headers to: 1]. DSA + CP/1]. DSA/4]. Striver Series/30 Days of SDE Sheet/C++/11]. Day-11 (Binary Search)/InterviewBit/7]. Allocate Minimum Number of Pages.cpp
Adding headers to: 1]. DSA + CP/1]. DSA/4]. Striver Series/30 Days of SDE Sheet/C++/01]. Day-1 (Arrays)/Leetcode/4]. Kadane’s Algorithm.cpp
Adding headers to: 1]. DSA + CP/1]. DSA/4]. Striver Series/30 Days of SDE Sheet/C++/01]. Day-1 (Arrays)/Leetcode/2]. Pascal’s Triangle.cpp
Adding headers to: 1]. DSA + CP/1]. DSA/4]. Striver Series/30 Days of SDE Sheet/C++/01]. Day-1 (Arrays)/Leetcode/5]. Sort an array of 0’s 1’s 2’s.cpp
Adding headers to: 1]. DSA + CP/1]. DSA/4]. Striver Series/30 Days of SDE Sheet/C++/01]. Day-1 (Arrays)/Leetcode/1]. Set Matrix Zeros.cpp
Adding headers to: 1]. DSA + CP/1]. DSA/4]. Striver Series/30 Days of SDE Sheet/C++/01]. Day-1 (Arrays)/Leetcode/6]. Stock buy and Sell.cpp
Adding headers to: 1]. DSA + CP/1]. DSA/4]. Striver Series/30 Days of SDE Sheet/C++/01]. Day-1 (Arrays)/Leetcode/3]. Next Permutation.cpp
Adding headers to: 1]. DSA + CP/1]. DSA/4]. Striver Series/30 Days of SDE Sheet/C++/01]. Day-1 (Arrays)/Interviewbit/4]. Kadane’s Algorithm.cpp
Adding headers to: 1]. DSA + CP/1]. DSA/4]. Striver Series/30 Days of SDE Sheet/C++/01]. Day-1 (Arrays)/Interviewbit/2]. Pascal’s Triangle.cpp
Adding headers to: 1]. DSA + CP/1]. DSA/4]. Striver Series/30 Days of SDE Sheet/C++/01]. Day-1 (Arrays)/Interviewbit/5]. Sort an array of 0’s 1’s 2’s.cpp
Adding headers to: 1]. DSA + CP/1]. DSA/4]. Striver Series/30 Days of SDE Sheet/C++/01]. Day-1 (Arrays)/Interviewbit/1]. Set Matrix Zeros.cpp
Adding headers to: 1]. DSA + CP/1]. DSA/4]. Striver Series/30 Days of SDE Sheet/C++/01]. Day-1 (Arrays)/Interviewbit/3]. Next Permutation.cpp
Adding headers to: 1]. DSA + CP/1]. DSA/4]. Striver Series/30 Days of SDE Sheet/C++/09]. Day-9 (Recursion)/CodeStudio/3]. Combination sum-1.cpp
Adding headers to: 1]. DSA + CP/1]. DSA/4]. Striver Series/30 Days of SDE Sheet/C++/09]. Day-9 (Recursion)/CodeStudio/6]. K-th permutation Sequence.cpp
Adding headers to: 1]. DSA + CP/1]. DSA/4]. Striver Series/30 Days of SDE Sheet/C++/09]. Day-9 (Recursion)/CodeStudio/1]. Subset Sums.cpp
Adding headers to: 1]. DSA + CP/1]. DSA/4]. Striver Series/30 Days of SDE Sheet/C++/09]. Day-9 (Recursion)/Leetcode/3]. Combination sum-1.cpp
Adding headers to: 1]. DSA + CP/1]. DSA/4]. Striver Series/30 Days of SDE Sheet/C++/09]. Day-9 (Recursion)/Leetcode/2]. Subset-II.cpp
Adding headers to: 1]. DSA + CP/1]. DSA/4]. Striver Series/30 Days of SDE Sheet/C++/09]. Day-9 (Recursion)/Leetcode/6]. K-th permutation Sequence.cpp
Adding headers to: 1]. DSA + CP/1]. DSA/4]. Striver Series/30 Days of SDE Sheet/C++/09]. Day-9 (Recursion)/Leetcode/4]. Combination sum-2.cpp
Adding headers to: 1]. DSA + CP/1]. DSA/4]. Striver Series/30 Days of SDE Sheet/C++/09]. Day-9 (Recursion)/Leetcode/5]. Palindrome Partitioning.cpp
Adding headers to: 1]. DSA + CP/1]. DSA/4]. Striver Series/30 Days of SDE Sheet/C++/16]. Day-16 (String)/CodeStudio/1]. Z-Function.cpp
Adding headers to: 1]. DSA + CP/1]. DSA/4]. Striver Series/30 Days of SDE Sheet/C++/16]. Day-16 (String)/Leetcode/2]. KMP algo - LPS(pi) array.cpp
Adding headers to: 1]. DSA + CP/1]. DSA/4]. Striver Series/30 Days of SDE Sheet/C++/16]. Day-16 (String)/Leetcode/1]. Z-Function.cpp
Adding headers to: 1]. DSA + CP/1]. DSA/4]. Striver Series/30 Days of SDE Sheet/C++/16]. Day-16 (String)/InterviewBit/3]. Minimum characters needed to be inserted in the beginning to make it palindromic.cpp
Adding headers to: 1]. DSA + CP/1]. DSA/4]. Striver Series/30 Days of SDE Sheet/C++/25]. Day-25 (Dynamic Programming)/CodeStudio/4]. 0-1 Knapsack.cpp
Adding headers to: 1]. DSA + CP/1]. DSA/4]. Striver Series/30 Days of SDE Sheet/C++/25]. Day-25 (Dynamic Programming)/CodeStudio/5]. Edit Distance.cpp
Adding headers to: 1]. DSA + CP/1]. DSA/4]. Striver Series/30 Days of SDE Sheet/C++/25]. Day-25 (Dynamic Programming)/CodeStudio/1]. Max Product Subarray.cpp
Adding headers to: 1]. DSA + CP/1]. DSA/4]. Striver Series/30 Days of SDE Sheet/C++/25]. Day-25 (Dynamic Programming)/Leetcode/4]. 0-1 Knapsack.cpp
Adding headers to: 1]. DSA + CP/1]. DSA/4]. Striver Series/30 Days of SDE Sheet/C++/25]. Day-25 (Dynamic Programming)/Leetcode/5]. Edit Distance.cpp
Adding headers to: 1]. DSA + CP/1]. DSA/4]. Striver Series/30 Days of SDE Sheet/C++/25]. Day-25 (Dynamic Programming)/Leetcode/1]. Max Product Subarray.cpp
Adding headers to: 1]. DSA + CP/1]. DSA/4]. Striver Series/30 Days of SDE Sheet/C++/25]. Day-25 (Dynamic Programming)/Leetcode/2]. Longest Increasing Subsequence.cpp
Adding headers to: 1]. DSA + CP/1]. DSA/4]. Striver Series/30 Days of SDE Sheet/C++/25]. Day-25 (Dynamic Programming)/Leetcode/3]. Longest Common Subsequence.cpp
Adding headers to: 1]. DSA + CP/1]. DSA/4]. Striver Series/30 Days of SDE Sheet/C++/21]. Day-21 (Binary Search Tree)/CodeStudio/7]. Size of the largest BST in a Binary Tree.cpp
Adding headers to: 1]. DSA + CP/1]. DSA/4]. Striver Series/30 Days of SDE Sheet/C++/21]. Day-21 (Binary Search Tree)/Leetcode/7]. Size of the largest BST in a Binary Tree.cpp
Adding headers to: 1]. DSA + CP/1]. DSA/4]. Striver Series/30 Days of SDE Sheet/C++/22]. Day-22 (Binary Trees [Miscellaneous])/CodeStudio/6]. Flood-fill Algorithm.cpp
Adding headers to: 1]. DSA + CP/1]. DSA/4]. Striver Series/30 Days of SDE Sheet/C++/22]. Day-22 (Binary Trees [Miscellaneous])/Leetcode/5]. K-th largest element in an unsorted array.cpp
Adding headers to: 1]. DSA + CP/1]. DSA/4]. Striver Series/30 Days of SDE Sheet/C++/22]. Day-22 (Binary Trees [Miscellaneous])/Leetcode/3]. K-th largest element in a stream.cpp
Adding headers to: 1]. DSA + CP/1]. DSA/4]. Striver Series/30 Days of SDE Sheet/C++/22]. Day-22 (Binary Trees [Miscellaneous])/Leetcode/6]. Flood-fill Algorithm.cpp
Adding headers to: 1]. DSA + CP/1]. DSA/4]. Striver Series/30 Days of SDE Sheet/C++/22]. Day-22 (Binary Trees [Miscellaneous])/InterviewBit/4]. Distinct numbers in Window.cpp
Adding headers to: 1]. DSA + CP/1]. DSA/4]. Striver Series/30 Days of SDE Sheet/C++/12]. Day-12 (Heaps)/CodeStudio/1]. Max heap, Min Heap Implementation.cpp
Adding headers to: 1]. DSA + CP/1]. DSA/4]. Striver Series/30 Days of SDE Sheet/C++/12]. Day-12 (Heaps)/Leetcode/6]. K most frequent elements.cpp
Adding headers to: 1]. DSA + CP/1]. DSA/4]. Striver Series/30 Days of SDE Sheet/C++/12]. Day-12 (Heaps)/Leetcode/2]. Kth Largest Element.cpp
Adding headers to: 1]. DSA + CP/1]. DSA/4]. Striver Series/30 Days of SDE Sheet/C++/12]. Day-12 (Heaps)/InterviewBit/3]. Maximum Sum Combination.cpp
Adding headers to: 1]. DSA + CP/1]. DSA/4]. Striver Series/30 Days of SDE Sheet/C++/26]. Day-26 (Dynamic Programming)/CodeStudio/1]. Minimum sum path in the matrix.cpp
Adding headers to: 1]. DSA + CP/1]. DSA/4]. Striver Series/30 Days of SDE Sheet/C++/26]. Day-26 (Dynamic Programming)/CodeStudio/3]. Subset Sum.cpp
Adding headers to: 1]. DSA + CP/1]. DSA/4]. Striver Series/30 Days of SDE Sheet/C++/26]. Day-26 (Dynamic Programming)/Leetcode/4]. Rod Cutting.cpp
Adding headers to: 1]. DSA + CP/1]. DSA/4]. Striver Series/30 Days of SDE Sheet/C++/26]. Day-26 (Dynamic Programming)/Leetcode/1]. Minimum sum path in the matrix.cpp
Adding headers to: 1]. DSA + CP/1]. DSA/4]. Striver Series/30 Days of SDE Sheet/C++/26]. Day-26 (Dynamic Programming)/Leetcode/2]. Coin change.cpp
Adding headers to: 1]. DSA + CP/1]. DSA/4]. Striver Series/30 Days of SDE Sheet/C++/26]. Day-26 (Dynamic Programming)/Leetcode/3]. Subset Sum.cpp
Adding headers to: 1]. DSA + CP/1]. DSA/4]. Striver Series/30 Days of SDE Sheet/C++/04]. Day-4 (Arrays)/Leetcode/2]. 4-sum-Problem.cpp
Adding headers to: 1]. DSA + CP/1]. DSA/4]. Striver Series/30 Days of SDE Sheet/C++/04]. Day-4 (Arrays)/Leetcode/3]. Longest Consecutive Sequence.cpp
Adding headers to: 1]. DSA + CP/1]. DSA/4]. Striver Series/30 Days of SDE Sheet/C++/04]. Day-4 (Arrays)/Leetcode/1]. 2-Sum-Problem.cpp
Adding headers to: 1]. DSA + CP/1]. DSA/4]. Striver Series/30 Days of SDE Sheet/C++/04]. Day-4 (Arrays)/Leetcode/6]. Longest Substring without repeat.cpp
Adding headers to: 1]. DSA + CP/1]. DSA/4]. Striver Series/30 Days of SDE Sheet/C++/04]. Day-4 (Arrays)/Interviewbit/5]. Count number of subarrays with given Xor K.cpp
Adding headers to: 1]. DSA + CP/1]. DSA/4]. Striver Series/30 Days of SDE Sheet/C++/13]. Day-13 (Stack and Queue)/Leetcode/6]. Next Greater Element.cpp
Adding headers to: 1]. DSA + CP/1]. DSA/4]. Striver Series/30 Days of SDE Sheet/C++/07]. Day-7 (Linked List and Arrays)/CodeStudio/5]. Remove Duplicate from Sorted array.cpp
Adding headers to: 1]. DSA + CP/1]. DSA/4]. Striver Series/30 Days of SDE Sheet/C++/07]. Day-7 (Linked List and Arrays)/CodeStudio/6]. Max consecutive ones.cpp
Adding headers to: 1]. DSA + CP/1]. DSA/4]. Striver Series/30 Days of SDE Sheet/C++/07]. Day-7 (Linked List and Arrays)/Leetcode/5]. Remove Duplicate from Sorted array.cpp
Adding headers to: 1]. DSA + CP/1]. DSA/4]. Striver Series/30 Days of SDE Sheet/C++/07]. Day-7 (Linked List and Arrays)/Leetcode/4]. Trapping rainwater.cpp
Adding headers to: 1]. DSA + CP/1]. DSA/4]. Striver Series/30 Days of SDE Sheet/C++/07]. Day-7 (Linked List and Arrays)/Leetcode/6]. Max consecutive ones.cpp
Adding headers to: 1]. DSA + CP/1]. DSA/4]. Striver Series/30 Days of SDE Sheet/C++/07]. Day-7 (Linked List and Arrays)/Leetcode/3]. 3 sum.cpp
Adding headers to: 1]. DSA + CP/1]. DSA/4]. Striver Series/30 Days of SDE Sheet/C++/10]. Day-10 (Recursion and Backtracking)/CodeStudio/1]. Print all permutations of a string-array.cpp
Adding headers to: 1]. DSA + CP/1]. DSA/4]. Striver Series/30 Days of SDE Sheet/C++/10]. Day-10 (Recursion and Backtracking)/CodeStudio/2]. N queens Problem.cpp
Adding headers to: 1]. DSA + CP/1]. DSA/4]. Striver Series/30 Days of SDE Sheet/C++/10]. Day-10 (Recursion and Backtracking)/CodeStudio/6]. Word Break.cpp
Adding headers to: 1]. DSA + CP/1]. DSA/4]. Striver Series/30 Days of SDE Sheet/C++/10]. Day-10 (Recursion and Backtracking)/CodeStudio/5]. Rat in a Maze.cpp
Adding headers to: 1]. DSA + CP/1]. DSA/4]. Striver Series/30 Days of SDE Sheet/C++/10]. Day-10 (Recursion and Backtracking)/CodeStudio/4]. M coloring Problem.cpp
Adding headers to: 1]. DSA + CP/1]. DSA/4]. Striver Series/30 Days of SDE Sheet/C++/10]. Day-10 (Recursion and Backtracking)/Leetcode/1]. Print all permutations of a string-array.cpp
Adding headers to: 1]. DSA + CP/1]. DSA/4]. Striver Series/30 Days of SDE Sheet/C++/10]. Day-10 (Recursion and Backtracking)/Leetcode/2]. N queens Problem.cpp
Adding headers to: 1]. DSA + CP/1]. DSA/4]. Striver Series/30 Days of SDE Sheet/C++/10]. Day-10 (Recursion and Backtracking)/Leetcode/3]. Sudoku Solver.cpp
Adding headers to: 1]. DSA + CP/1]. DSA/4]. Striver Series/30 Days of SDE Sheet/C++/27]. Day-27 (Trie)/CodeStudio/7]. Maximum XOR With an Element From Array.cpp
Adding headers to: 1]. DSA + CP/1]. DSA/4]. Striver Series/30 Days of SDE Sheet/C++/27]. Day-27 (Trie)/CodeStudio/5]. Power Set.cpp
Adding headers to: 1]. DSA + CP/1]. DSA/4]. Striver Series/30 Days of SDE Sheet/C++/27]. Day-27 (Trie)/CodeStudio/3]. Longest String with All Prefixes.cpp
Adding headers to: 1]. DSA + CP/1]. DSA/4]. Striver Series/30 Days of SDE Sheet/C++/27]. Day-27 (Trie)/CodeStudio/6]. Maximum XOR of two numbers in an array.cpp
Adding headers to: 1]. DSA + CP/1]. DSA/4]. Striver Series/30 Days of SDE Sheet/C++/27]. Day-27 (Trie)/Leetcode/7]. Maximum XOR With an Element From Array.cpp
Adding headers to: 1]. DSA + CP/1]. DSA/4]. Striver Series/30 Days of SDE Sheet/C++/27]. Day-27 (Trie)/Leetcode/6]. Maximum XOR of two numbers in an array.cpp
Adding headers to: 1]. DSA + CP/1]. DSA/4]. Striver Series/30 Days of SDE Sheet/C++/24]. Day-24 (Graph)/Leetcode/1]. Strongly Connected Component.cpp
Adding headers to: 1]. DSA + CP/1]. DSA/4]. Striver Series/30 Days of SDE Sheet/C++/20]. Day-20 (Binary Search Tree)/CodeStudio/3]. Construct BST from given keys.cpp
Adding headers to: 1]. DSA + CP/1]. DSA/4]. Striver Series/30 Days of SDE Sheet/C++/20]. Day-20 (Binary Search Tree)/Leetcode/3]. Construct BST from given keys.cpp
Adding headers to: 1]. DSA + CP/1]. DSA/4]. Striver Series/30 Days of SDE Sheet/C++/20]. Day-20 (Binary Search Tree)/Leetcode/4]. Construct BST from preorder traversal.cpp
Adding headers to: 1]. DSA + CP/1]. DSA/4]. Striver Series/30 Days of SDE Sheet/C++/17]. Day-17 (Binary Tree)/CodeStudio/1]. Inorder Traversal.cpp
Adding headers to: 1]. DSA + CP/1]. DSA/4]. Striver Series/30 Days of SDE Sheet/C++/17]. Day-17 (Binary Tree)/CodeStudio/11]. Root to node path in a Binary Tree.cpp
Adding headers to: 1]. DSA + CP/1]. DSA/4]. Striver Series/30 Days of SDE Sheet/C++/17]. Day-17 (Binary Tree)/CodeStudio/6]. LeftView Of Binary Tree.cpp
Adding headers to: 1]. DSA + CP/1]. DSA/4]. Striver Series/30 Days of SDE Sheet/C++/17]. Day-17 (Binary Tree)/CodeStudio/9]. Preorder inorder postorder in a single traversal.cpp
Adding headers to: 1]. DSA + CP/1]. DSA/4]. Striver Series/30 Days of SDE Sheet/C++/17]. Day-17 (Binary Tree)/CodeStudio/7]. Bottom View of Binary Tree.cpp
Adding headers to: 1]. DSA + CP/1]. DSA/4]. Striver Series/30 Days of SDE Sheet/C++/17]. Day-17 (Binary Tree)/Leetcode/1]. Inorder Traversal.cpp
Adding headers to: 1]. DSA + CP/1]. DSA/4]. Striver Series/30 Days of SDE Sheet/C++/17]. Day-17 (Binary Tree)/Leetcode/10]. Vertical order traversal.cpp
Adding headers to: 1]. DSA + CP/1]. DSA/4]. Striver Series/30 Days of SDE Sheet/C++/17]. Day-17 (Binary Tree)/Leetcode/2]. Preorder Traversal.cpp
Adding headers to: 1]. DSA + CP/1]. DSA/4]. Striver Series/30 Days of SDE Sheet/C++/17]. Day-17 (Binary Tree)/Leetcode/5]. Morris Preorder Traversal.cpp
Adding headers to: 1]. DSA + CP/1]. DSA/4]. Striver Series/30 Days of SDE Sheet/C++/17]. Day-17 (Binary Tree)/Leetcode/3]. Postorder Traversal.cpp
Adding headers to: 1]. DSA + CP/1]. DSA/4]. Striver Series/30 Days of SDE Sheet/C++/17]. Day-17 (Binary Tree)/Leetcode/4]. Morris Inorder Traversal.cpp
Adding headers to: 1]. DSA + CP/1]. DSA/4]. Striver Series/30 Days of SDE Sheet/C++/17]. Day-17 (Binary Tree)/InterviewBit/11]. Root to node path in a Binary Tree.cpp
Adding headers to: 1]. DSA + CP/1]. DSA/4]. Striver Series/30 Days of SDE Sheet/C++/02]. Day-2 (Arrays)/Leetcode/1]. Rotate Matrix.cpp
Adding headers to: 1]. DSA + CP/1]. DSA/4]. Striver Series/30 Days of SDE Sheet/C++/02]. Day-2 (Arrays)/Leetcode/3]. Merge two sorted Arrays without extra space.cpp
Adding headers to: 1]. DSA + CP/1]. DSA/4]. Striver Series/30 Days of SDE Sheet/C++/02]. Day-2 (Arrays)/Leetcode/4]. Find the duplicate in an array of N+1 integers.cpp
Adding headers to: 1]. DSA + CP/1]. DSA/4]. Striver Series/30 Days of SDE Sheet/C++/02]. Day-2 (Arrays)/Leetcode/2]. Merge Overlapping Subintervals.cpp
Adding headers to: 1]. DSA + CP/1]. DSA/4]. Striver Series/30 Days of SDE Sheet/C++/02]. Day-2 (Arrays)/Interviewbit/5]. Repeat and Missing Number.cpp
Adding headers to: 1]. DSA + CP/1]. DSA/4]. Striver Series/30 Days of SDE Sheet/C++/14]. Day-14 (Stack and Queue)/CodeStudio/4]. Largest rectangle in a histogram.cpp
Adding headers to: 1]. DSA + CP/1]. DSA/4]. Striver Series/30 Days of SDE Sheet/C++/14]. Day-14 (Stack and Queue)/Leetcode/5]. Sliding Window maximum.cpp
Adding headers to: 1]. DSA + CP/1]. DSA/4]. Striver Series/30 Days of SDE Sheet/C++/14]. Day-14 (Stack and Queue)/Leetcode/7]. Rotten Orange.cpp
Adding headers to: 1]. DSA + CP/1]. DSA/4]. Striver Series/30 Days of SDE Sheet/C++/14]. Day-14 (Stack and Queue)/Leetcode/4]. Largest rectangle in a histogram.cpp
Adding headers to: 1]. DSA + CP/1]. DSA/4]. Striver Series/30 Days of SDE Sheet/C++/14]. Day-14 (Stack and Queue)/InterviewBit/1]. Next Smaller Element.cpp
Adding headers to: 1]. DSA + CP/1]. DSA/4]. Striver Series/30 Days of SDE Sheet/C++/18]. Day-18 (Binary Tree)/CodeStudio/5]. LCA in Binary Tree.cpp
Adding headers to: 1]. DSA + CP/1]. DSA/4]. Striver Series/30 Days of SDE Sheet/C++/18]. Day-18 (Binary Tree)/CodeStudio/1]. Level order Traversal.cpp
Adding headers to: 1]. DSA + CP/1]. DSA/4]. Striver Series/30 Days of SDE Sheet/C++/18]. Day-18 (Binary Tree)/CodeStudio/8]. Boundary Traversal of Binary Tree.cpp
Adding headers to: 1]. DSA + CP/1]. DSA/4]. Striver Series/30 Days of SDE Sheet/C++/18]. Day-18 (Binary Tree)/Leetcode/7]. Zig Zag Traversal of Binary Tree.cpp
Adding headers to: 1]. DSA + CP/1]. DSA/4]. Striver Series/30 Days of SDE Sheet/C++/18]. Day-18 (Binary Tree)/Leetcode/1]. Level order Traversal.cpp
Adding headers to: 1]. DSA + CP/1]. DSA/4]. Striver Series/30 Days of SDE Sheet/C++/15]. Day-15 (String)/Leetcode/5]. Longest Common Prefix.cpp
Adding headers to: 1]. DSA + CP/1]. DSA/4]. Striver Series/30 Days of SDE Sheet/C++/15]. Day-15 (String)/Leetcode/1]. Reverse Words in a String.cpp
Adding headers to: 1]. DSA + CP/2]. Competitive Programming/03]. LeetCode/2]. Contests/2]. Biweekly Contests/Biweekly Contest 73/C++/2191]. Sort the Jumbled Numbers.cpp
Adding headers to: 1]. DSA + CP/2]. Competitive Programming/03]. LeetCode/2]. Contests/2]. Biweekly Contests/Biweekly Contest 73/C++/2192]. All Ancestors of a Node in a Directed Acyclic Graph.cpp
Adding headers to: 1]. DSA + CP/2]. Competitive Programming/03]. LeetCode/2]. Contests/2]. Biweekly Contests/Biweekly Contest 73/C++/2190]. Most Frequent Number Following Key In an Array.cpp
Adding headers to: 1]. DSA + CP/2]. Competitive Programming/03]. LeetCode/2]. Contests/1]. Weekly Contests/Warm Up Contest/C++/386]. Lexicographical Numbers.cpp
Adding headers to: 1]. DSA + CP/2]. Competitive Programming/03]. LeetCode/2]. Contests/1]. Weekly Contests/Weekly Contest 2/C++/391]. Perfect Rectangle.cpp
Adding headers to: 1]. DSA + CP/2]. Competitive Programming/03]. LeetCode/1]. Problems/C++/0015]. 3Sum.cpp
Adding headers to: 1]. DSA + CP/2]. Competitive Programming/03]. LeetCode/1]. Problems/C++/0386]. Lexicographical Numbers.cpp
Adding headers to: 1]. DSA + CP/2]. Competitive Programming/03]. LeetCode/1]. Problems/C++/0391]. Perfect Rectangle.cpp
Adding headers to: 1]. DSA + CP/2]. Competitive Programming/03]. LeetCode/1]. Problems/C++/2191]. Sort the Jumbled Numbers.cpp
Adding headers to: 1]. DSA + CP/2]. Competitive Programming/03]. LeetCode/1]. Problems/C++/2192]. All Ancestors of a Node in a Directed Acyclic Graph.cpp
Adding headers to: 1]. DSA + CP/2]. Competitive Programming/03]. LeetCode/1]. Problems/C++/0010]. Regular Expression Matching.cpp
Adding headers to: 1]. DSA + CP/2]. Competitive Programming/03]. LeetCode/1]. Problems/C++/0001]. Two Sum.cpp
Adding headers to: 1]. DSA + CP/2]. Competitive Programming/03]. LeetCode/1]. Problems/C++/0014]. Longest Common Prefix.cpp
Adding headers to: 1]. DSA + CP/2]. Competitive Programming/03]. LeetCode/1]. Problems/C++/0016]. 3Sum Closest.cpp
Adding headers to: 1]. DSA + CP/2]. Competitive Programming/03]. LeetCode/1]. Problems/C++/0018]. 4Sum.cpp
Adding headers to: 1]. DSA + CP/2]. Competitive Programming/03]. LeetCode/1]. Problems/C++/2190]. Most Frequent Number Following Key In an Array.cpp
Adding headers to: 1]. DSA + CP/2]. Competitive Programming/03]. LeetCode/1]. Problems/C++/0003]. Longest Substring Without Repeating Characters.cpp
Adding headers to: 1]. DSA + CP/2]. Competitive Programming/03]. LeetCode/1]. Problems/C++/0035]. Search Insert Position.cpp
Adding headers to: 1]. DSA + CP/2]. Competitive Programming/03]. LeetCode/1]. Problems/C++/0442]. Find All Duplicates in an Array.cpp
Adding headers to: 1]. DSA + CP/2]. Competitive Programming/03]. LeetCode/1]. Problems/C++/0011 (ii)]. Container With Most Water.cpp
Adding headers to: 1]. DSA + CP/2]. Competitive Programming/03]. LeetCode/1]. Problems/C++/0017 (ii)]. Letter Combinations of a Phone Number.cpp
Adding headers to: 1]. DSA + CP/2]. Competitive Programming/03]. LeetCode/1]. Problems/C++/0004]. Median of Two Sorted Arrays.cpp
Adding headers to: 1]. DSA + CP/2]. Competitive Programming/03]. LeetCode/1]. Problems/C++/0017 (i)]. Letter Combinations of a Phone Number.cpp
Adding headers to: 1]. DSA + CP/2]. Competitive Programming/03]. LeetCode/1]. Problems/C++/0088]. Merge Sorted Array.cpp
Adding headers to: 1]. DSA + CP/2]. Competitive Programming/03]. LeetCode/1]. Problems/C++/0053]. Maximum Subarray.cpp
Adding headers to: 1]. DSA + CP/2]. Competitive Programming/03]. LeetCode/1]. Problems/C++/0108]. Convert Sorted Array to BST.cpp
Adding headers to: 1]. DSA + CP/2]. Competitive Programming/03]. LeetCode/1]. Problems/C++/0011 (i)]. Container with Most Water.cpp
Adding headers to: 1]. DSA + CP/2]. Competitive Programming/03]. LeetCode/1]. Problems/C++/0997]. Find the Town Judge.cpp
Adding headers to: 1]. DSA + CP/2]. Competitive Programming/10]. HackerRank/1]. Prepare/1]. Prepare By Topics/08]. Problem Solving/Data Structures/01]. Arrays/C++/2D_Array-DS.cpp
Adding headers to: 1]. DSA + CP/2]. Competitive Programming/04]. Coding Ninjas/2]. Contests/Monthly Contest/Monthly Contest 06/C++/5. Rich Murphy.cpp
Adding headers to: 1]. DSA + CP/2]. Competitive Programming/04]. Coding Ninjas/2]. Contests/Monthly Contest/Monthly Contest 06/C++/3. Road Not Taken.cpp
Adding headers to: 1]. DSA + CP/2]. Competitive Programming/04]. Coding Ninjas/2]. Contests/Monthly Contest/Monthly Contest 06/C++/6. Charming.cpp
Adding headers to: 1]. DSA + CP/2]. Competitive Programming/04]. Coding Ninjas/2]. Contests/Monthly Contest/Monthly Contest 06/C++/4. Efficient Painting.cpp
Adding headers to: 1]. DSA + CP/2]. Competitive Programming/04]. Coding Ninjas/2]. Contests/Monthly Contest/Monthly Contest 08/C++/5. The Same.cpp
Adding headers to: 1]. DSA + CP/2]. Competitive Programming/04]. Coding Ninjas/2]. Contests/Monthly Contest/Monthly Contest 08/C++/1. Ninja And The Cherries.cpp
Adding headers to: 1]. DSA + CP/2]. Competitive Programming/04]. Coding Ninjas/2]. Contests/Monthly Contest/Monthly Contest 08/C++/3. Legion of Palindromic Strings.cpp
Adding headers to: 1]. DSA + CP/2]. Competitive Programming/04]. Coding Ninjas/2]. Contests/Monthly Contest/Monthly Contest 08/C++/2. Find Unity.cpp
Adding headers to: 1]. DSA + CP/2]. Competitive Programming/04]. Coding Ninjas/2]. Contests/Monthly Contest/Monthly Contest 01/C++/5. Tree Game.cpp
Adding headers to: 1]. DSA + CP/2]. Competitive Programming/04]. Coding Ninjas/2]. Contests/Monthly Contest/Monthly Contest 01/C++/6. Parity Sum.cpp
Adding headers to: 1]. DSA + CP/2]. Competitive Programming/04]. Coding Ninjas/2]. Contests/Monthly Contest/Monthly Contest 01/C++/3. Count Pairs.cpp
Adding headers to: 1]. DSA + CP/2]. Competitive Programming/04]. Coding Ninjas/2]. Contests/Monthly Contest/Monthly Contest 01/C++/2. Minimum Difference.cpp
Adding headers to: 1]. DSA + CP/2]. Competitive Programming/04]. Coding Ninjas/2]. Contests/Monthly Contest/Monthly Contest 07/C++/6. Node Searching.cpp
Adding headers to: 1]. DSA + CP/2]. Competitive Programming/04]. Coding Ninjas/2]. Contests/Monthly Contest/Monthly Contest 07/C++/3. Ninja and his Birthday Treat.cpp
Adding headers to: 1]. DSA + CP/2]. Competitive Programming/04]. Coding Ninjas/2]. Contests/Monthly Contest/Monthly Contest 07/C++/1. Light Bulbs.cpp
Adding headers to: 1]. DSA + CP/2]. Competitive Programming/04]. Coding Ninjas/2]. Contests/Monthly Contest/Monthly Contest 07/C++/2. LostX.cpp
Adding headers to: 1]. DSA + CP/2]. Competitive Programming/04]. Coding Ninjas/2]. Contests/Monthly Contest/Monthly Contest 02/C++/4. Ninja's Journey.cpp
Adding headers to: 1]. DSA + CP/2]. Competitive Programming/04]. Coding Ninjas/2]. Contests/Monthly Contest/Monthly Contest 02/C++/5. Ninja And The Range Of Numbers.cpp
Adding headers to: 1]. DSA + CP/2]. Competitive Programming/04]. Coding Ninjas/2]. Contests/Monthly Contest/Monthly Contest 02/C++/2. Ninja And The Gas Cylinders.cpp
Adding headers to: 1]. DSA + CP/2]. Competitive Programming/04]. Coding Ninjas/2]. Contests/Monthly Contest/Monthly Contest 03/C++/6. Birthday Bash.cpp
Adding headers to: 1]. DSA + CP/2]. Competitive Programming/04]. Coding Ninjas/2]. Contests/Monthly Contest/Monthly Contest 03/C++/2. Minimum Manhattan Distance.cpp
Adding headers to: 1]. DSA + CP/2]. Competitive Programming/04]. Coding Ninjas/2]. Contests/Monthly Contest/Monthly Contest 05/C++/6. Ninja March.cpp
Adding headers to: 1]. DSA + CP/2]. Competitive Programming/04]. Coding Ninjas/2]. Contests/Monthly Contest/Monthly Contest 05/C++/1. Quality Array.cpp
Adding headers to: 1]. DSA + CP/2]. Competitive Programming/04]. Coding Ninjas/2]. Contests/Monthly Contest/Monthly Contest 05/C++/4. Triples.cpp
Adding headers to: 1]. DSA + CP/2]. Competitive Programming/04]. Coding Ninjas/2]. Contests/Monthly Contest/Monthly Contest 04/C++/3. Stack Dishes.cpp
Adding headers to: 1]. DSA + CP/2]. Competitive Programming/04]. Coding Ninjas/2]. Contests/Monthly Contest/Monthly Contest 04/C++/4. Maximum Equality.cpp
Adding headers to: 1]. DSA + CP/2]. Competitive Programming/04]. Coding Ninjas/2]. Contests/Monthly Contest/Monthly Contest 04/C++/5. Dish Likings.cpp
Adding headers to: 1]. DSA + CP/2]. Competitive Programming/04]. Coding Ninjas/2]. Contests/Weekend Contest/Weekend Contest 02/C++/2. Maximum value of F(x) - i.cpp
Adding headers to: 1]. DSA + CP/2]. Competitive Programming/04]. Coding Ninjas/2]. Contests/Weekend Contest/Weekend Contest 02/C++/4. Evacuate People.cpp
Adding headers to: 1]. DSA + CP/2]. Competitive Programming/04]. Coding Ninjas/2]. Contests/Weekend Contest/Weekend Contest 02/C++/1. Assign the Assignments.cpp
Adding headers to: 1]. DSA + CP/2]. Competitive Programming/04]. Coding Ninjas/2]. Contests/Weekend Contest/Weekend Contest 01/C++/3. Ninja and The Magical Sword.cpp
Adding headers to: 1]. DSA + CP/2]. Competitive Programming/04]. Coding Ninjas/2]. Contests/Weekend Contest/Weekend Contest 01/C++/4. Memory Reader.cpp
Adding headers to: 1]. DSA + CP/2]. Competitive Programming/04]. Coding Ninjas/2]. Contests/Weekend Contest/Weekend Contest 01/C++/1. Cherry Biscuit.cpp
Adding headers to: 1]. DSA + CP/2]. Competitive Programming/04]. Coding Ninjas/2]. Contests/Beginner Contest/Beginner Contest 05/C++/4. Print the Extra Edges.cpp
Adding headers to: 1]. DSA + CP/2]. Competitive Programming/04]. Coding Ninjas/2]. Contests/Beginner Contest/Beginner Contest 03/C++/2. The Twin Houses.cpp
Adding headers to: 1]. DSA + CP/2]. Competitive Programming/04]. Coding Ninjas/2]. Contests/Beginner Contest/Beginner Contest 11/C++/1. Make Friends.cpp
Adding headers to: 1]. DSA + CP/2]. Competitive Programming/04]. Coding Ninjas/2]. Contests/Beginner Contest/Beginner Contest 15/C++/2. Four Friends.cpp
Adding headers to: 1]. DSA + CP/2]. Competitive Programming/04]. Coding Ninjas/2]. Contests/Beginner Contest/Beginner Contest 19/C++/4. Ninja and Events.cpp
Adding headers to: 1]. DSA + CP/2]. Competitive Programming/04]. Coding Ninjas/2]. Contests/Beginner Contest/Beginner Contest 19/C++/2. String Operation.cpp
Adding headers to: 1]. DSA + CP/2]. Competitive Programming/04]. Coding Ninjas/2]. Contests/Beginner Contest/Beginner Contest 13/C++/1. Goodness.cpp
Adding headers to: 1]. DSA + CP/2]. Competitive Programming/04]. Coding Ninjas/2]. Contests/Beginner Contest/Beginner Contest 13/C++/4. Array Snap.cpp
Adding headers to: 1]. DSA + CP/2]. Competitive Programming/04]. Coding Ninjas/2]. Contests/Beginner Contest/Beginner Contest 02/C++/3. Can You See Me.cpp
Adding headers to: 1]. DSA + CP/2]. Competitive Programming/04]. Coding Ninjas/2]. Contests/Beginner Contest/Beginner Contest 02/C++/4. Queue.cpp
Adding headers to: 1]. DSA + CP/2]. Competitive Programming/04]. Coding Ninjas/2]. Contests/Beginner Contest/Beginner Contest 02/C++/2. Time to Cook.cpp
Adding headers to: 1]. DSA + CP/2]. Competitive Programming/04]. Coding Ninjas/2]. Contests/Beginner Contest/Beginner Contest 16/C++/4. Ninja and Auction.cpp
Adding headers to: 1]. DSA + CP/2]. Competitive Programming/04]. Coding Ninjas/2]. Contests/Beginner Contest/Beginner Contest 08/C++/4. Maximum Profit.cpp
Adding headers to: 1]. DSA + CP/2]. Competitive Programming/04]. Coding Ninjas/2]. Contests/Beginner Contest/Beginner Contest 08/C++/1. Ninja And The Num.cpp
Adding headers to: 1]. DSA + CP/2]. Competitive Programming/04]. Coding Ninjas/2]. Contests/Beginner Contest/Beginner Contest 22/C++/2. Ninja And The Zero Array.cpp
Adding headers to: 1]. DSA + CP/2]. Competitive Programming/04]. Coding Ninjas/2]. Contests/Beginner Contest/Beginner Contest 14/C++/3. Remove Elements.cpp
Adding headers to: 1]. DSA + CP/2]. Competitive Programming/04]. Coding Ninjas/2]. Contests/Beginner Contest/Beginner Contest 06/C++/4. Can We Reach.cpp
Adding headers to: 1]. DSA + CP/2]. Competitive Programming/04]. Coding Ninjas/2]. Contests/Beginner Contest/Beginner Contest 06/C++/2. Select Bag.cpp
Adding headers to: 1]. DSA + CP/2]. Competitive Programming/04]. Coding Ninjas/2]. Contests/Beginner Contest/Beginner Contest 06/C++/3. Counting Products.cpp
Adding headers to: 1]. DSA + CP/2]. Competitive Programming/04]. Coding Ninjas/2]. Contests/Beginner Contest/Beginner Contest 01/C++/1. Count Subarrays.cpp
Adding headers to: 1]. DSA + CP/2]. Competitive Programming/04]. Coding Ninjas/2]. Contests/Beginner Contest/Beginner Contest 01/C++/2. Pool.cpp
Adding headers to: 1]. DSA + CP/2]. Competitive Programming/04]. Coding Ninjas/2]. Contests/Beginner Contest/Beginner Contest 17/C++/3. Happy Principal.cpp
Adding headers to: 1]. DSA + CP/2]. Competitive Programming/04]. Coding Ninjas/2]. Contests/Beginner Contest/Beginner Contest 17/C++/1. Ninja And The Array.cpp
Adding headers to: 1]. DSA + CP/2]. Competitive Programming/04]. Coding Ninjas/2]. Contests/Beginner Contest/Beginner Contest 17/C++/2. Ninja and Tushar.cpp
Adding headers to: 1]. DSA + CP/2]. Competitive Programming/04]. Coding Ninjas/2]. Contests/Beginner Contest/Beginner Contest 18/C++/4. Coin Collection.cpp
Adding headers to: 1]. DSA + CP/2]. Competitive Programming/04]. Coding Ninjas/2]. Contests/Beginner Contest/Beginner Contest 21/C++/2. Max Prefix.cpp
Adding headers to: 1]. DSA + CP/2]. Competitive Programming/04]. Coding Ninjas/2]. Contests/Beginner Contest/Beginner Contest 21/C++/3. Corner The Cat.cpp
Adding headers to: 1]. DSA + CP/2]. Competitive Programming/04]. Coding Ninjas/2]. Contests/Beginner Contest/Beginner Contest 10/C++/4. String Distance.cpp
Adding headers to: 1]. DSA + CP/2]. Competitive Programming/04]. Coding Ninjas/2]. Contests/Beginner Contest/Beginner Contest 12/C++/4. kLevel.cpp
Adding headers to: 1]. DSA + CP/2]. Competitive Programming/04]. Coding Ninjas/2]. Contests/Beginner Contest/Beginner Contest 04/C++/4. Ninja’s Pairs.cpp
Adding headers to: 1]. DSA + CP/2]. Competitive Programming/04]. Coding Ninjas/1]. Practice/2]. Problem Lists/1]. Lists by Experts/1]. Striver SDE Sheet Problems/C++/171]. Maximum Product Subarray.cpp
Adding headers to: 1]. DSA + CP/2]. Competitive Programming/04]. Coding Ninjas/1]. Practice/2]. Problem Lists/1]. Lists by Experts/1]. Striver SDE Sheet Problems/C++/049]. Subset Sums.cpp
Adding headers to: 1]. DSA + CP/2]. Competitive Programming/04]. Coding Ninjas/1]. Practice/2]. Problem Lists/1]. Lists by Experts/1]. Striver SDE Sheet Problems/C++/056]. N Queens.cpp
Adding headers to: 1]. DSA + CP/2]. Competitive Programming/04]. Coding Ninjas/1]. Practice/2]. Problem Lists/1]. Lists by Experts/1]. Striver SDE Sheet Problems/C++/059]. Rat in a Maze All Paths.cpp
Adding headers to: 1]. DSA + CP/2]. Competitive Programming/04]. Coding Ninjas/1]. Practice/2]. Problem Lists/1]. Lists by Experts/1]. Striver SDE Sheet Problems/C++/066]. Kth Element of Two Sorted Arrays.cpp
Adding headers to: 1]. DSA + CP/2]. Competitive Programming/04]. Coding Ninjas/1]. Practice/2]. Problem Lists/1]. Lists by Experts/1]. Striver SDE Sheet Problems/C++/125]. LCA of Binary Tree.cpp
Adding headers to: 1]. DSA + CP/2]. Competitive Programming/04]. Coding Ninjas/1]. Practice/2]. Problem Lists/1]. Lists by Experts/1]. Striver SDE Sheet Problems/C++/178]. Minimum Sum Path.cpp
Adding headers to: 1]. DSA + CP/2]. Competitive Programming/04]. Coding Ninjas/1]. Practice/2]. Problem Lists/1]. Lists by Experts/1]. Striver SDE Sheet Problems/C++/041]. Remove Duplicate from Sorted Array.cpp
Adding headers to: 1]. DSA + CP/2]. Competitive Programming/04]. Coding Ninjas/1]. Practice/2]. Problem Lists/1]. Lists by Experts/1]. Striver SDE Sheet Problems/C++/121]. Level order Traversal.cpp
Adding headers to: 1]. DSA + CP/2]. Competitive Programming/04]. Coding Ninjas/1]. Practice/2]. Problem Lists/1]. Lists by Experts/1]. Striver SDE Sheet Problems/C++/058]. M-Coloring Problem.cpp
Adding headers to: 1]. DSA + CP/2]. Competitive Programming/04]. Coding Ninjas/1]. Practice/2]. Problem Lists/1]. Lists by Experts/1]. Striver SDE Sheet Problems/C++/080]. Maximum XOR of Two Numbers in an Array.cpp
Adding headers to: 1]. DSA + CP/2]. Competitive Programming/04]. Coding Ninjas/1]. Practice/2]. Problem Lists/1]. Lists by Experts/1]. Striver SDE Sheet Problems/C++/055]. Print Permutations - String.cpp
Adding headers to: 1]. DSA + CP/2]. Competitive Programming/04]. Coding Ninjas/1]. Practice/2]. Problem Lists/1]. Lists by Experts/1]. Striver SDE Sheet Problems/C++/081]. Maximum XOR With an Element From Array.cpp
Adding headers to: 1]. DSA + CP/2]. Competitive Programming/04]. Coding Ninjas/1]. Practice/2]. Problem Lists/1]. Lists by Experts/1]. Striver SDE Sheet Problems/C++/111]. Inorder Traversal.cpp
Adding headers to: 1]. DSA + CP/2]. Competitive Programming/04]. Coding Ninjas/1]. Practice/2]. Problem Lists/1]. Lists by Experts/1]. Striver SDE Sheet Problems/C++/131]. Construct Binary Tree from Inorder and Postorder Traversal.cpp
Adding headers to: 1]. DSA + CP/2]. Competitive Programming/04]. Coding Ninjas/1]. Practice/2]. Problem Lists/1]. Lists by Experts/1]. Striver SDE Sheet Problems/C++/114]. Left View Of Binary Tree.cpp
Adding headers to: 1]. DSA + CP/2]. Competitive Programming/04]. Coding Ninjas/1]. Practice/2]. Problem Lists/1]. Lists by Experts/1]. Striver SDE Sheet Problems/C++/175]. Edit Distance.cpp
Adding headers to: 1]. DSA + CP/2]. Competitive Programming/04]. Coding Ninjas/1]. Practice/2]. Problem Lists/1]. Lists by Experts/1]. Striver SDE Sheet Problems/C++/054]. K-th Permutation Sequence.cpp
Adding headers to: 1]. DSA + CP/2]. Competitive Programming/04]. Coding Ninjas/1]. Practice/2]. Problem Lists/1]. Lists by Experts/1]. Striver SDE Sheet Problems/C++/138]. Convert Sorted Array to BST.cpp
Adding headers to: 1]. DSA + CP/2]. Competitive Programming/04]. Coding Ninjas/1]. Practice/2]. Problem Lists/1]. Lists by Experts/1]. Striver SDE Sheet Problems/C++/068]. Chess Tournamen.cpp
Adding headers to: 1]. DSA + CP/2]. Competitive Programming/04]. Coding Ninjas/1]. Practice/2]. Problem Lists/1]. Lists by Experts/1]. Striver SDE Sheet Problems/C++/180]. Subset Sum Equal to K.cpp
Adding headers to: 1]. DSA + CP/2]. Competitive Programming/04]. Coding Ninjas/1]. Practice/2]. Problem Lists/1]. Lists by Experts/1]. Striver SDE Sheet Problems/C++/149]. Size of the Largest BST in a Binary Tree.cpp
Adding headers to: 1]. DSA + CP/2]. Competitive Programming/04]. Coding Ninjas/1]. Practice/2]. Problem Lists/1]. Lists by Experts/1]. Striver SDE Sheet Problems/C++/077]. Complete String.cpp
Adding headers to: 1]. DSA + CP/2]. Competitive Programming/04]. Coding Ninjas/1]. Practice/2]. Problem Lists/1]. Lists by Experts/1]. Striver SDE Sheet Problems/C++/092]. Largest rectangle in a histogram.cpp
Adding headers to: 1]. DSA + CP/2]. Competitive Programming/04]. Coding Ninjas/1]. Practice/2]. Problem Lists/1]. Lists by Experts/1]. Striver SDE Sheet Problems/C++/117]. Tree Traversal.cpp
Adding headers to: 1]. DSA + CP/2]. Competitive Programming/04]. Coding Ninjas/1]. Practice/2]. Problem Lists/1]. Lists by Experts/1]. Striver SDE Sheet Problems/C++/051]. Return Subsets Sum to K.cpp
Adding headers to: 1]. DSA + CP/2]. Competitive Programming/04]. Coding Ninjas/1]. Practice/2]. Problem Lists/1]. Lists by Experts/1]. Striver SDE Sheet Problems/C++/128]. Boundary Traversal of Binary Tree.cpp
Adding headers to: 1]. DSA + CP/2]. Competitive Programming/04]. Coding Ninjas/1]. Practice/2]. Problem Lists/1]. Lists by Experts/1]. Striver SDE Sheet Problems/C++/105]. Z Function.cpp
Adding headers to: 1]. DSA + CP/2]. Competitive Programming/04]. Coding Ninjas/1]. Practice/2]. Problem Lists/1]. Lists by Experts/1]. Striver SDE Sheet Problems/C++/042]. Maximum Consecutive Ones.cpp
Adding headers to: 1]. DSA + CP/2]. Competitive Programming/04]. Coding Ninjas/1]. Practice/2]. Problem Lists/1]. Lists by Experts/1]. Striver SDE Sheet Problems/C++/063]. Single Element in a Sorted Array.cpp
Adding headers to: 1]. DSA + CP/2]. Competitive Programming/04]. Coding Ninjas/1]. Practice/2]. Problem Lists/1]. Lists by Experts/1]. Striver SDE Sheet Problems/C++/156]. Flood Fill Algorithm.cpp
Adding headers to: 1]. DSA + CP/2]. Competitive Programming/04]. Coding Ninjas/1]. Practice/2]. Problem Lists/1]. Lists by Experts/1]. Striver SDE Sheet Problems/C++/119]. Path in a Tree.cpp
Adding headers to: 1]. DSA + CP/2]. Competitive Programming/04]. Coding Ninjas/1]. Practice/2]. Problem Lists/1]. Lists by Experts/1]. Striver SDE Sheet Problems/C++/067]. Allocate Books.cpp
Adding headers to: 1]. DSA + CP/2]. Competitive Programming/04]. Coding Ninjas/1]. Practice/2]. Problem Lists/1]. Lists by Experts/1]. Striver SDE Sheet Problems/C++/060]. Word Break ii.cpp
Adding headers to: 1]. DSA + CP/2]. Competitive Programming/04]. Coding Ninjas/1]. Practice/2]. Problem Lists/1]. Lists by Experts/1]. Striver SDE Sheet Problems/C++/069]. Min Heap.cpp
Adding headers to: 1]. DSA + CP/2]. Competitive Programming/04]. Coding Ninjas/1]. Practice/2]. Problem Lists/1]. Lists by Experts/1]. Striver SDE Sheet Problems/C++/079]. Power Set.cpp
Adding headers to: 1]. DSA + CP/2]. Competitive Programming/04]. Coding Ninjas/1]. Practice/2]. Problem Lists/1]. Lists by Experts/1]. Striver SDE Sheet Problems/C++/157]. Clone Graph.cpp
Adding headers to: 1]. DSA + CP/2]. Competitive Programming/04]. Coding Ninjas/1]. Practice/2]. Problem Lists/1]. Lists by Experts/1]. Striver SDE Sheet Problems/C++/115]. Bottom View of Binary Tree.cpp
Adding headers to: 1]. DSA + CP/2]. Competitive Programming/04]. Coding Ninjas/1]. Practice/2]. Problem Lists/1]. Lists by Experts/1]. Striver SDE Sheet Problems/C++/174]. 0 1 Knapsack.cpp
Adding headers to: 1]. DSA + CP/2]. Competitive Programming/08]. Work@Tech/2]. Data Structures & Algorithms/3]. Lists/04]. 1 week DSA Practice Sheet/003]. Longest Common Prefix.cpp
Adding headers to: 1]. DSA + CP/2]. Competitive Programming/08]. Work@Tech/2]. Data Structures & Algorithms/3]. Lists/04]. 1 week DSA Practice Sheet/001]. Two Sum.cpp
Adding headers to: 1]. DSA + CP/2]. Competitive Programming/08]. Work@Tech/2]. Data Structures & Algorithms/3]. Lists/04]. 1 week DSA Practice Sheet/002]. Longest Substring Without Repeat.cpp
Adding headers to: 1]. DSA + CP/2]. Competitive Programming/08]. Work@Tech/2]. Data Structures & Algorithms/1]. Topics/01]. Arrays/1]. Easy/03]. Identical Twins.cpp
Adding headers to: 1]. DSA + CP/2]. Competitive Programming/08]. Work@Tech/2]. Data Structures & Algorithms/1]. Topics/01]. Arrays/1]. Easy/05]. Implement Insertion Sort.cpp
Adding headers to: 1]. DSA + CP/2]. Competitive Programming/08]. Work@Tech/2]. Data Structures & Algorithms/1]. Topics/01]. Arrays/1]. Easy/11]. Max Consecutive Ones.cpp
Adding headers to: 1]. DSA + CP/2]. Competitive Programming/08]. Work@Tech/2]. Data Structures & Algorithms/1]. Topics/01]. Arrays/1]. Easy/12]. Arithmetic Sequence.cpp
Adding headers to: 1]. DSA + CP/2]. Competitive Programming/08]. Work@Tech/2]. Data Structures & Algorithms/1]. Topics/01]. Arrays/1]. Easy/04]. Even Number of Digits.cpp
Adding headers to: 1]. DSA + CP/2]. Competitive Programming/08]. Work@Tech/2]. Data Structures & Algorithms/1]. Topics/01]. Arrays/1]. Easy/08]. Implement Merge Sort.cpp
Adding headers to: 1]. DSA + CP/2]. Competitive Programming/08]. Work@Tech/2]. Data Structures & Algorithms/1]. Topics/01]. Arrays/1]. Easy/09]. Implement Quicksort.cpp
Adding headers to: 1]. DSA + CP/2]. Competitive Programming/08]. Work@Tech/2]. Data Structures & Algorithms/1]. Topics/01]. Arrays/1]. Easy/06]. Merge Two Sorted Arrays.cpp
Adding headers to: 1]. DSA + CP/2]. Competitive Programming/08]. Work@Tech/2]. Data Structures & Algorithms/1]. Topics/01]. Arrays/1]. Easy/14]. Pascal's Triangle.cpp
Adding headers to: 1]. DSA + CP/2]. Competitive Programming/08]. Work@Tech/2]. Data Structures & Algorithms/1]. Topics/01]. Arrays/1]. Easy/02]. Positive Cumulative Sum.cpp
Adding headers to: 1]. DSA + CP/2]. Competitive Programming/08]. Work@Tech/2]. Data Structures & Algorithms/1]. Topics/01]. Arrays/1]. Easy/07]. Merge Sorted Subarrays.cpp
Adding headers to: 1]. DSA + CP/2]. Competitive Programming/08]. Work@Tech/2]. Data Structures & Algorithms/1]. Topics/01]. Arrays/3]. Hard/21]. Next Greater Permutation.cpp
Adding headers to: 1]. DSA + CP/2]. Competitive Programming/08]. Work@Tech/2]. Data Structures & Algorithms/1]. Topics/01]. Arrays/2[. Medium/17]. Primes upto N.cpp
Adding headers to: 1]. DSA + CP/2]. Competitive Programming/08]. Work@Tech/2]. Data Structures & Algorithms/1]. Topics/01]. Arrays/2[. Medium/16]. Matrix Rotation.cpp
Adding headers to: 1]. DSA + CP/2]. Competitive Programming/08]. Work@Tech/2]. Data Structures & Algorithms/1]. Topics/01]. Arrays/2[. Medium/15]. Row Column Zero.cpp
Adding headers to: 1]. DSA + CP/2]. Competitive Programming/08]. Work@Tech/2]. Data Structures & Algorithms/1]. Topics/01]. Arrays/2[. Medium/18]. Merge Overlapping Intervals.cpp
Adding headers to: 1]. DSA + CP/2]. Competitive Programming/08]. Work@Tech/2]. Data Structures & Algorithms/1]. Topics/01]. Arrays/2[. Medium/19]. Kth Largest Element.cpp
Adding headers to: 1]. DSA + CP/2]. Competitive Programming/08]. Work@Tech/2]. Data Structures & Algorithms/1]. Topics/01]. Arrays/2[. Medium/20]. Inversion Count.cpp
Adding headers to: 1]. DSA + CP/2]. Competitive Programming/08]. Work@Tech/2]. Data Structures & Algorithms/1]. Topics/02]. Searching/1]. Easy/05]. Insert Position in Sorted Array.cpp
Adding headers to: 1]. DSA + CP/2]. Competitive Programming/08]. Work@Tech/2]. Data Structures & Algorithms/1]. Topics/02]. Searching/1]. Easy/01]. Contains Element.cpp
Adding headers to: 1]. DSA + CP/2]. Competitive Programming/08]. Work@Tech/2]. Data Structures & Algorithms/1]. Topics/02]. Searching/1]. Easy/04]. Next Greater Element In Sorted Array.cpp
Adding headers to: 1]. DSA + CP/2]. Competitive Programming/08]. Work@Tech/2]. Data Structures & Algorithms/1]. Topics/02]. Searching/1]. Easy/02]. Search Range.cpp
Adding headers to: 1]. DSA + CP/2]. Competitive Programming/08]. Work@Tech/2]. Data Structures & Algorithms/1]. Topics/02]. Searching/2]. Medium/08]. Search Rotated Sorted Array.cpp
Adding headers to: 1]. DSA + CP/2]. Competitive Programming/08]. Work@Tech/2]. Data Structures & Algorithms/1]. Topics/02]. Searching/2]. Medium/09]. Non-Repeating Element.cpp
Adding headers to: 1]. DSA + CP/2]. Competitive Programming/08]. Work@Tech/2]. Data Structures & Algorithms/1]. Topics/02]. Searching/2]. Medium/11]. Median of Row-wise Sorted Matrix.cpp
/usr/bin/ld: /usr/lib/gcc/x86_64-linux-gnu/13/../../../x86_64-linux-gnu/Scrt1.o: in function `_start':
(.text+0x1b): undefined reference to `main'
collect2: error: ld returned 1 exit status
❌ Cumulative Sum compilation failed
/usr/bin/ld: /usr/lib/gcc/x86_64-linux-gnu/13/../../../x86_64-linux-gnu/Scrt1.o: in function `_start':
(.text+0x1b): undefined reference to `main'
collect2: error: ld returned 1 exit status
❌ Matrix Search compilation failed
/usr/bin/ld: /usr/lib/gcc/x86_64-linux-gnu/13/../../../x86_64-linux-gnu/Scrt1.o: in function `_start':
(.text+0x1b): undefined reference to `main'
collect2: error: ld returned 1 exit status
❌ Negative Numbers Search compilation failed
/usr/bin/ld: /usr/lib/gcc/x86_64-linux-gnu/13/../../../x86_64-linux-gnu/Scrt1.o: in function `_start':
(.text+0x1b): undefined reference to `main'
collect2: error: ld returned 1 exit status
❌ Zero Permutation compilation failed
/usr/bin/ld: /usr/lib/gcc/x86_64-linux-gnu/13/../../../x86_64-linux-gnu/Scrt1.o: in function `_start':
(.text+0x1b): undefined reference to `main'
collect2: error: ld returned 1 exit status
❌ Square Sorted Array compilation failed
Testing factorial function:
fact(0) = 1 (expected: 1)
fact(1) = 1 (expected: 1)
fact(5) = 120 (expected: 120)
fact(10) = 3628800 (expected: 3628800)
fact(100) = 93326215443944152681699238856266700490715968264381621468592963895217599993229915608941463976156518286253697920827223758251185210916864000000000000000000000000 (large number test - should work without stack overflow)

✅ All tests passed! No stack overflow even for large numbers.
✅ Python factorial function works correctly
